This file contains any messages produced by compilers while
running configure, to aid debugging if configure makes a mistake.

It was created by template-stm3210fx3 configure 0.0.0, which was
generated by GNU Autoconf 2.69.  Invocation command line was

  $ ./configure --host=arm-none-eabi

## --------- ##
## Platform. ##
## --------- ##

hostname = unijko
uname -m = i686
uname -r = 3.11-2-486
uname -s = Linux
uname -v = #1 Debian 3.11.10-1 (2013-12-04)

/usr/bin/uname -p = unknown
/bin/uname -X     = unknown

/bin/arch              = unknown
/usr/bin/arch -k       = unknown
/usr/convex/getsysinfo = unknown
/usr/bin/hostinfo      = unknown
/bin/machine           = unknown
/usr/bin/oslevel       = unknown
/bin/universe          = unknown

PATH: /usr/local/bin
PATH: /usr/bin
PATH: /bin
PATH: /usr/games
PATH: /storage/adacosta/Salva/Project/backup/here/compilers/gcc_Sourcery_G++_Lite_2009q1-161_4.3.3/bin


## ----------- ##
## Core tests. ##
## ----------- ##

configure:1846: checking for a BSD-compatible install
configure:1914: result: /usr/bin/install -c
configure:1925: checking whether build environment is sane
configure:1980: result: yes
configure:2039: checking for arm-none-eabi-strip
configure:2055: found /storage/adacosta/Salva/Project/backup/here/compilers/gcc_Sourcery_G++_Lite_2009q1-161_4.3.3/bin/arm-none-eabi-strip
configure:2066: result: arm-none-eabi-strip
configure:2131: checking for a thread-safe mkdir -p
configure:2170: result: /bin/mkdir -p
configure:2177: checking for gawk
configure:2193: found /usr/bin/gawk
configure:2204: result: gawk
configure:2215: checking whether make sets $(MAKE)
configure:2237: result: yes
configure:2266: checking whether make supports nested variables
configure:2283: result: yes
configure:2372: checking whether UID '1003' is supported by ustar format
configure:2375: result: yes
configure:2382: checking whether GID '1003' is supported by ustar format
configure:2385: result: yes
configure:2393: checking how to create a ustar tar archive
configure:2404: tar --version
tar (GNU tar) 1.27.1
Copyright (C) 2013 Free Software Foundation, Inc.
License GPLv3+: GNU GPL version 3 or later <http://gnu.org/licenses/gpl.html>.
This is free software: you are free to change and redistribute it.
There is NO WARRANTY, to the extent permitted by law.

Written by John Gilmore and Jay Fenlason.
configure:2407: $? = 0
configure:2447: tardir=conftest.dir && eval tar --format=ustar -chf - "$tardir" >conftest.tar
configure:2450: $? = 0
configure:2454: tar -xf - <conftest.tar
configure:2457: $? = 0
configure:2459: cat conftest.dir/file
GrepMe
configure:2462: $? = 0
configure:2475: result: gnutar
configure:2534: checking build system type
configure:2548: result: i686-pc-linux-gnu
configure:2568: checking host system type
configure:2581: result: arm-none-eabi
configure:2608: checking for gawk
configure:2635: result: gawk
configure:2656: checking for arm-none-eabi-arm-none-eabi-gcc
configure:2686: result: no
configure:2700: checking for arm-none-eabi-gcc
configure:2716: found /storage/adacosta/Salva/Project/backup/here/compilers/gcc_Sourcery_G++_Lite_2009q1-161_4.3.3/bin/arm-none-eabi-gcc
configure:2727: result: arm-none-eabi-gcc
configure:2758: checking for C compiler version
configure:2767: arm-none-eabi-gcc --version >&5
arm-none-eabi-gcc (Sourcery G++ Lite 2009q1-161) 4.3.3
Copyright (C) 2008 Free Software Foundation, Inc.
This is free software; see the source for copying conditions.  There is NO
warranty; not even for MERCHANTABILITY or FITNESS FOR A PARTICULAR PURPOSE.

configure:2778: $? = 0
configure:2767: arm-none-eabi-gcc -v >&5
Using built-in specs.
Target: arm-none-eabi
Configured with: /scratch/maxim/arm-lite/src-4.3-arm-none-eabi-lite/gcc-4.3/configure --build=i686-pc-linux-gnu --host=i686-pc-linux-gnu --target=arm-none-eabi --enable-threads --disable-libmudflap --disable-libssp --disable-libstdcxx-pch --with-gnu-as --with-gnu-ld --enable-languages=c,c++ --disable-shared --with-newlib --with-pkgversion='Sourcery G++ Lite 2009q1-161' --with-bugurl=https://support.codesourcery.com/GNUToolchain/ --disable-nls --prefix=/opt/codesourcery --with-headers=yes --with-sysroot=/opt/codesourcery/arm-none-eabi --with-build-sysroot=/scratch/maxim/arm-lite/install-4.3-arm-none-eabi-lite/arm-none-eabi --with-gmp=/scratch/maxim/arm-lite/obj-4.3-arm-none-eabi-lite/host-libs-2009q1-161-arm-none-eabi-i686-pc-linux-gnu/usr --with-mpfr=/scratch/maxim/arm-lite/obj-4.3-arm-none-eabi-lite/host-libs-2009q1-161-arm-none-eabi-i686-pc-linux-gnu/usr --disable-libgomp --enable-poison-system-directories --with-build-time-tools=/scratch/maxim/arm-lite/install-4.3-arm-none-eabi-lite/arm-none-eabi/bin --with-build-time-tools=/scratch/maxim/arm-lite/install-4.3-arm-none-eabi-lite/arm-none-eabi/bin
Thread model: single
gcc version 4.3.3 (Sourcery G++ Lite 2009q1-161) 
configure:2778: $? = 0
configure:2767: arm-none-eabi-gcc -V >&5
arm-none-eabi-gcc: '-V' option must have argument
configure:2778: $? = 1
configure:2767: arm-none-eabi-gcc -qversion >&5
arm-none-eabi-gcc: unrecognized option '-qversion'
arm-none-eabi-gcc: no input files
configure:2778: $? = 1
configure:2798: checking whether the C compiler works
configure:2820: arm-none-eabi-gcc    conftest.c  >&5
/storage/adacosta/Salva/Project/backup/here/compilers/gcc_Sourcery_G++_Lite_2009q1-161_4.3.3/bin/../lib/gcc/arm-none-eabi/4.3.3/../../../../arm-none-eabi/bin/ld: warning: cannot find entry symbol _start; defaulting to 00008018
configure:2824: $? = 0
configure:2872: result: yes
configure:2875: checking for C compiler default output file name
configure:2877: result: a.out
configure:2883: checking for suffix of executables
configure:2890: arm-none-eabi-gcc -o conftest    conftest.c  >&5
/storage/adacosta/Salva/Project/backup/here/compilers/gcc_Sourcery_G++_Lite_2009q1-161_4.3.3/bin/../lib/gcc/arm-none-eabi/4.3.3/../../../../arm-none-eabi/bin/ld: warning: cannot find entry symbol _start; defaulting to 00008018
configure:2894: $? = 0
configure:2916: result: 
configure:2938: checking whether we are cross compiling
configure:2946: arm-none-eabi-gcc -o conftest    conftest.c  >&5
/storage/adacosta/Salva/Project/backup/here/compilers/gcc_Sourcery_G++_Lite_2009q1-161_4.3.3/bin/../lib/gcc/arm-none-eabi/4.3.3/../../../../arm-none-eabi/bin/ld: warning: cannot find entry symbol _start; defaulting to 00008018
/storage/adacosta/Salva/Project/backup/here/compilers/gcc_Sourcery_G++_Lite_2009q1-161_4.3.3/bin/../lib/gcc/arm-none-eabi/4.3.3/../../../../arm-none-eabi/lib/libc.a(lib_a-fstatr.o): In function `_fstat_r':
fstatr.c:(.text+0x1c): undefined reference to `_fstat'
/storage/adacosta/Salva/Project/backup/here/compilers/gcc_Sourcery_G++_Lite_2009q1-161_4.3.3/bin/../lib/gcc/arm-none-eabi/4.3.3/../../../../arm-none-eabi/lib/libc.a(lib_a-openr.o): In function `_open_r':
openr.c:(.text+0x20): undefined reference to `_open'
/storage/adacosta/Salva/Project/backup/here/compilers/gcc_Sourcery_G++_Lite_2009q1-161_4.3.3/bin/../lib/gcc/arm-none-eabi/4.3.3/../../../../arm-none-eabi/lib/libc.a(lib_a-sbrkr.o): In function `_sbrk_r':
sbrkr.c:(.text+0x18): undefined reference to `_sbrk'
/storage/adacosta/Salva/Project/backup/here/compilers/gcc_Sourcery_G++_Lite_2009q1-161_4.3.3/bin/../lib/gcc/arm-none-eabi/4.3.3/../../../../arm-none-eabi/lib/libc.a(lib_a-writer.o): In function `_write_r':
writer.c:(.text+0x20): undefined reference to `_write'
/storage/adacosta/Salva/Project/backup/here/compilers/gcc_Sourcery_G++_Lite_2009q1-161_4.3.3/bin/../lib/gcc/arm-none-eabi/4.3.3/../../../../arm-none-eabi/lib/libc.a(lib_a-closer.o): In function `_close_r':
closer.c:(.text+0x18): undefined reference to `_close'
/storage/adacosta/Salva/Project/backup/here/compilers/gcc_Sourcery_G++_Lite_2009q1-161_4.3.3/bin/../lib/gcc/arm-none-eabi/4.3.3/../../../../arm-none-eabi/lib/libc.a(lib_a-isattyr.o): In function `_isatty_r':
isattyr.c:(.text+0x18): undefined reference to `_isatty'
/storage/adacosta/Salva/Project/backup/here/compilers/gcc_Sourcery_G++_Lite_2009q1-161_4.3.3/bin/../lib/gcc/arm-none-eabi/4.3.3/../../../../arm-none-eabi/lib/libc.a(lib_a-lseekr.o): In function `_lseek_r':
lseekr.c:(.text+0x20): undefined reference to `_lseek'
/storage/adacosta/Salva/Project/backup/here/compilers/gcc_Sourcery_G++_Lite_2009q1-161_4.3.3/bin/../lib/gcc/arm-none-eabi/4.3.3/../../../../arm-none-eabi/lib/libc.a(lib_a-readr.o): In function `_read_r':
readr.c:(.text+0x20): undefined reference to `_read'
collect2: ld returned 1 exit status
configure:2950: $? = 1
configure:2957: ./conftest
./configure: line 2959: ./conftest: No such file or directory
configure:2961: $? = 127
configure:2976: result: yes
configure:2981: checking for suffix of object files
configure:3003: arm-none-eabi-gcc -c   conftest.c >&5
configure:3007: $? = 0
configure:3028: result: o
configure:3032: checking whether we are using the GNU C compiler
configure:3051: arm-none-eabi-gcc -c   conftest.c >&5
configure:3051: $? = 0
configure:3060: result: yes
configure:3069: checking whether arm-none-eabi-gcc accepts -g
configure:3089: arm-none-eabi-gcc -c -g  conftest.c >&5
configure:3089: $? = 0
configure:3130: result: yes
configure:3147: checking for arm-none-eabi-gcc option to accept ISO C89
configure:3210: arm-none-eabi-gcc  -c -g -O2  conftest.c >&5
configure:3210: $? = 0
configure:3223: result: none needed
configure:3248: checking whether arm-none-eabi-gcc understands -c and -o together
configure:3270: arm-none-eabi-gcc -c conftest.c -o conftest2.o
configure:3273: $? = 0
configure:3270: arm-none-eabi-gcc -c conftest.c -o conftest2.o
configure:3273: $? = 0
configure:3285: result: yes
configure:3313: checking for style of include used by make
configure:3341: result: GNU
configure:3367: checking dependency style of arm-none-eabi-gcc
configure:3478: result: gcc3
configure:3493: checking whether make sets $(MAKE)
configure:3515: result: yes
configure:3645: checking that generated files are newer than configure
configure:3651: result: done
configure:3674: creating ./config.status

## ---------------------- ##
## Running config.status. ##
## ---------------------- ##

This file was extended by template-stm3210fx3 config.status 0.0.0, which was
generated by GNU Autoconf 2.69.  Invocation command line was

  CONFIG_FILES    = 
  CONFIG_HEADERS  = 
  CONFIG_LINKS    = 
  CONFIG_COMMANDS = 
  $ ./config.status 

on unijko

config.status:850: creating Makefile
config.status:850: creating src/Makefile
config.status:850: creating doc/Makefile
config.status:850: creating config.h
config.status:1031: config.h is unchanged
config.status:1079: executing depfiles commands

## ---------------- ##
## Cache variables. ##
## ---------------- ##

ac_cv_build=i686-pc-linux-gnu
ac_cv_c_compiler_gnu=yes
ac_cv_env_CC_set=
ac_cv_env_CC_value=
ac_cv_env_CFLAGS_set=
ac_cv_env_CFLAGS_value=
ac_cv_env_CPPFLAGS_set=
ac_cv_env_CPPFLAGS_value=
ac_cv_env_LDFLAGS_set=
ac_cv_env_LDFLAGS_value=
ac_cv_env_LIBS_set=
ac_cv_env_LIBS_value=
ac_cv_env_build_alias_set=
ac_cv_env_build_alias_value=
ac_cv_env_host_alias_set=set
ac_cv_env_host_alias_value=arm-none-eabi
ac_cv_env_target_alias_set=
ac_cv_env_target_alias_value=
ac_cv_host=arm-none-eabi
ac_cv_objext=o
ac_cv_path_install='/usr/bin/install -c'
ac_cv_path_mkdir=/bin/mkdir
ac_cv_prog_AWK=gawk
ac_cv_prog_STRIP=arm-none-eabi-strip
ac_cv_prog_ac_ct_CC=arm-none-eabi-gcc
ac_cv_prog_cc_c89=
ac_cv_prog_cc_g=yes
ac_cv_prog_make_make_set=yes
am_cv_CC_dependencies_compiler_type=gcc3
am_cv_make_support_nested_variables=yes
am_cv_prog_cc_c_o=yes
am_cv_prog_tar_ustar=gnutar

## ----------------- ##
## Output variables. ##
## ----------------- ##

ACLOCAL='${SHELL} /home/adacosta/.Project/WWW/Tareas/GITHUB/templates-stm32/firmware-stm3210fx3-0.0.0/missing aclocal-1.14'
AMDEPBACKSLASH='\'
AMDEP_FALSE='#'
AMDEP_TRUE=''
AMTAR='$${TAR-tar}'
AM_BACKSLASH='\'
AM_DEFAULT_V='$(AM_DEFAULT_VERBOSITY)'
AM_DEFAULT_VERBOSITY='1'
AM_V='$(V)'
AUTOCONF='${SHELL} /home/adacosta/.Project/WWW/Tareas/GITHUB/templates-stm32/firmware-stm3210fx3-0.0.0/missing autoconf'
AUTOHEADER='${SHELL} /home/adacosta/.Project/WWW/Tareas/GITHUB/templates-stm32/firmware-stm3210fx3-0.0.0/missing autoheader'
AUTOMAKE='${SHELL} /home/adacosta/.Project/WWW/Tareas/GITHUB/templates-stm32/firmware-stm3210fx3-0.0.0/missing automake-1.14'
AWK='gawk'
CC='arm-none-eabi-gcc'
CCDEPMODE='depmode=gcc3'
CFLAGS='-g -O2'
CPPFLAGS=''
CYGPATH_W='echo'
DEFS='-DHAVE_CONFIG_H'
DEPDIR='.deps'
ECHO_C=''
ECHO_N='-n'
ECHO_T=''
EXEEXT=''
INSTALL_DATA='${INSTALL} -m 644'
INSTALL_PROGRAM='${INSTALL}'
INSTALL_SCRIPT='${INSTALL}'
INSTALL_STRIP_PROGRAM='$(install_sh) -c -s'
LDFLAGS=''
LIBOBJS=''
LIBS=''
LTLIBOBJS=''
MAKEINFO='${SHELL} /home/adacosta/.Project/WWW/Tareas/GITHUB/templates-stm32/firmware-stm3210fx3-0.0.0/missing makeinfo'
MKDIR_P='/bin/mkdir -p'
OBJEXT='o'
PACKAGE='tstm3210fx3'
PACKAGE_BUGREPORT='denisacostaq@gmail.com'
PACKAGE_NAME='template-stm3210fx3'
PACKAGE_STRING='template-stm3210fx3 0.0.0'
PACKAGE_TARNAME='tstm3210fx3'
PACKAGE_URL='https://github.com/denisacostaq/template-stm3210fx3.git'
PACKAGE_VERSION='0.0.0'
PATH_SEPARATOR=':'
SET_MAKE=''
SHELL='/bin/bash'
STRIP='arm-none-eabi-strip'
VERSION='0.0.0'
ac_ct_CC='arm-none-eabi-gcc'
am__EXEEXT_FALSE=''
am__EXEEXT_TRUE='#'
am__fastdepCC_FALSE='#'
am__fastdepCC_TRUE=''
am__include='include'
am__isrc=''
am__leading_dot='.'
am__nodep='_no'
am__quote=''
am__tar='tar --format=ustar -chf - "$$tardir"'
am__untar='tar -xf -'
bindir='${exec_prefix}/bin'
build='i686-pc-linux-gnu'
build_alias=''
build_cpu='i686'
build_os='linux-gnu'
build_vendor='pc'
datadir='${datarootdir}'
datarootdir='${prefix}/share'
docdir='${datarootdir}/doc/${PACKAGE_TARNAME}'
dvidir='${docdir}'
exec_prefix='${prefix}'
host='arm-none-eabi'
host_alias='arm-none-eabi'
host_cpu='arm'
host_os='eabi'
host_vendor='none'
htmldir='${docdir}'
includedir='${prefix}/include'
infodir='${datarootdir}/info'
install_sh='${SHELL} /home/adacosta/.Project/WWW/Tareas/GITHUB/templates-stm32/firmware-stm3210fx3-0.0.0/install-sh'
libdir='${exec_prefix}/lib'
libexecdir='${exec_prefix}/libexec'
localedir='${datarootdir}/locale'
localstatedir='${prefix}/var'
mandir='${datarootdir}/man'
mkdir_p='$(MKDIR_P)'
oldincludedir='/usr/include'
pdfdir='${docdir}'
prefix='/usr/local'
program_transform_name='s,x,x,'
psdir='${docdir}'
sbindir='${exec_prefix}/sbin'
sharedstatedir='${prefix}/com'
sysconfdir='${prefix}/etc'
target_alias=''

## ----------- ##
## confdefs.h. ##
## ----------- ##

/* confdefs.h */
#define PACKAGE_NAME "template-stm3210fx3"
#define PACKAGE_TARNAME "tstm3210fx3"
#define PACKAGE_VERSION "0.0.0"
#define PACKAGE_STRING "template-stm3210fx3 0.0.0"
#define PACKAGE_BUGREPORT "denisacostaq@gmail.com"
#define PACKAGE_URL "https://github.com/denisacostaq/template-stm3210fx3.git"
#define PACKAGE "tstm3210fx3"
#define VERSION "0.0.0"

configure: exit 0
